TN:
SF:server\chess-clock.js
FN:2,(anonymous_0)
FN:12,(anonymous_1)
FN:15,(anonymous_2)
FN:39,(anonymous_3)
FN:51,(anonymous_4)
FN:59,(anonymous_5)
FN:83,(anonymous_6)
FN:91,(anonymous_7)
FN:95,(anonymous_8)
FN:102,(anonymous_9)
FNF:10
FNH:10
FNDA:36,(anonymous_0)
FNDA:20,(anonymous_1)
FNDA:6,(anonymous_2)
FNDA:76,(anonymous_3)
FNDA:7,(anonymous_4)
FNDA:11,(anonymous_5)
FNDA:1,(anonymous_6)
FNDA:2,(anonymous_7)
FNDA:2,(anonymous_8)
FNDA:20,(anonymous_9)
DA:3,36
DA:4,36
DA:5,36
DA:6,36
DA:7,36
DA:8,36
DA:9,36
DA:13,20
DA:15,20
DA:16,6
DA:17,6
DA:19,0
DA:22,6
DA:23,6
DA:31,6
DA:32,2
DA:33,2
DA:40,76
DA:41,17
DA:42,17
DA:44,76
DA:45,1
DA:46,1
DA:52,7
DA:54,7
DA:61,11
DA:63,11
DA:64,11
DA:67,11
DA:68,8
DA:70,6
DA:73,2
DA:78,11
DA:79,1
DA:84,1
DA:92,2
DA:96,2
DA:97,1
DA:98,1
DA:103,20
DA:107,11
LF:41
LH:40
BRDA:12,0,0,0
BRDA:16,1,0,6
BRDA:16,1,1,0
BRDA:22,2,0,6
BRDA:22,2,1,0
BRDA:26,3,0,6
BRDA:26,3,1,4
BRDA:27,4,0,2
BRDA:27,4,1,4
BRDA:31,5,0,2
BRDA:31,5,1,4
BRDA:31,6,0,6
BRDA:31,6,1,4
BRDA:40,7,0,17
BRDA:40,7,1,59
BRDA:44,8,0,1
BRDA:44,8,1,75
BRDA:63,9,0,9
BRDA:63,9,1,2
BRDA:67,10,0,8
BRDA:67,10,1,3
BRDA:68,11,0,6
BRDA:68,11,1,2
BRDA:78,12,0,1
BRDA:78,12,1,10
BRDA:78,13,0,11
BRDA:78,13,1,1
BRDA:92,14,0,2
BRDA:92,14,1,0
BRDA:96,15,0,1
BRDA:96,15,1,1
BRDA:97,16,0,0
BRDA:97,16,1,1
BRF:33
BRH:28
end_of_record
TN:
SF:server\chess-logic.js
FN:4,(anonymous_0)
FN:9,(anonymous_1)
FN:22,(anonymous_2)
FN:44,(anonymous_3)
FN:50,(anonymous_4)
FN:58,(anonymous_5)
FN:64,(anonymous_6)
FN:68,(anonymous_7)
FN:83,(anonymous_8)
FNF:9
FNH:8
FNDA:39,(anonymous_0)
FNDA:0,(anonymous_1)
FNDA:19,(anonymous_2)
FNDA:170,(anonymous_3)
FNDA:43,(anonymous_4)
FNDA:129,(anonymous_5)
FNDA:7,(anonymous_6)
FNDA:7,(anonymous_7)
FNDA:1,(anonymous_8)
DA:1,11
DA:5,39
DA:10,0
DA:11,0
DA:16,0
DA:18,0
DA:23,19
DA:24,19
DA:29,19
DA:30,16
DA:40,3
DA:45,170
DA:46,170
DA:47,170
DA:51,43
DA:52,43
DA:53,43
DA:54,43
DA:55,43
DA:59,129
DA:60,129
DA:65,7
DA:69,7
DA:70,7
DA:72,7
DA:73,56
DA:74,56
DA:75,448
DA:76,448
DA:78,56
DA:80,7
DA:84,1
DA:88,11
LF:33
LH:29
BRDA:9,0,0,0
BRDA:22,1,0,12
BRDA:76,2,0,224
BRDA:76,2,1,224
BRDA:76,3,0,112
BRDA:76,3,1,112
BRF:6
BRH:5
end_of_record
TN:
SF:server\server-core.js
FN:6,(anonymous_0)
FN:25,(anonymous_1)
FN:47,(anonymous_2)
FN:51,(anonymous_3)
FN:59,(anonymous_4)
FN:105,(anonymous_5)
FN:121,(anonymous_6)
FN:127,(anonymous_7)
FN:140,generateGameId
FNF:9
FNH:9
FNDA:26,(anonymous_0)
FNDA:35,(anonymous_1)
FNDA:8,(anonymous_2)
FNDA:9,(anonymous_3)
FNDA:8,(anonymous_4)
FNDA:7,(anonymous_5)
FNDA:2,(anonymous_6)
FNDA:40,(anonymous_7)
FNDA:5,generateGameId
DA:1,9
DA:2,9
DA:7,26
DA:8,26
DA:9,26
DA:10,26
DA:14,26
DA:18,26
DA:19,26
DA:20,26
DA:26,35
DA:27,2
DA:30,35
DA:31,1
DA:34,34
DA:35,34
DA:37,34
DA:38,12
DA:40,12
DA:41,12
DA:44,34
DA:48,8
DA:52,9
DA:53,3
DA:54,1
DA:60,8
DA:61,1
DA:64,7
DA:65,7
DA:66,1
DA:69,6
DA:71,6
DA:73,6
DA:75,6
DA:76,6
DA:77,6
DA:79,6
DA:80,0
DA:81,0
DA:82,0
DA:83,0
DA:84,6
DA:85,0
DA:86,0
DA:87,0
DA:88,0
DA:91,6
DA:101,0
DA:106,7
DA:122,2
DA:123,2
DA:124,16
DA:125,128
DA:126,128
DA:127,40
DA:135,2
DA:141,5
DA:144,9
LF:58
LH:49
BRDA:25,0,0,2
BRDA:26,1,0,2
BRDA:26,1,1,33
BRDA:27,2,0,2
BRDA:27,2,1,0
BRDA:30,3,0,1
BRDA:30,3,1,34
BRDA:37,4,0,12
BRDA:37,4,1,22
BRDA:37,5,0,34
BRDA:37,5,1,34
BRDA:48,6,0,8
BRDA:48,6,1,3
BRDA:52,7,0,6
BRDA:52,7,1,3
BRDA:53,8,0,2
BRDA:53,8,1,1
BRDA:59,9,0,2
BRDA:60,10,0,1
BRDA:60,10,1,7
BRDA:65,11,0,1
BRDA:65,11,1,6
BRDA:71,12,0,6
BRDA:71,12,1,0
BRDA:79,13,0,0
BRDA:79,13,1,6
BRDA:84,14,0,0
BRDA:84,14,1,6
BRDA:84,15,0,6
BRDA:84,15,1,6
BRDA:87,16,0,0
BRDA:87,16,1,0
BRDA:126,17,0,20
BRDA:126,17,1,108
BRF:34
BRH:28
end_of_record
